<?xml version="1.0" encoding="UTF-8"?>
<testsuite xmlns:xsi="http://www.w3.org/2001/XMLSchema-instance" xsi:noNamespaceSchemaLocation="https://maven.apache.org/surefire/maven-surefire-plugin/xsd/surefire-test-report-3.0.xsd" version="3.0" name="com.everis.calculadorasimples.CalculadoraTest" time="0.428" tests="7" errors="0" skipped="0" failures="0">
  <properties>
[...]
</properties>
  <testcase name="testaSomaMenosIngenuo" classname="com.everis.calculadorasimples.CalculadoraTest" time="0.063"/>
  <testcase name="deveResultarQuatroAoSomarDoisEDois" classname="com.everis.calculadorasimples.CalculadoraTest" time="0.039"/>
  <testcase name="deveResultarZeroAoSomarDoisEMenosDois" classname="com.everis.calculadorasimples.CalculadoraTest" time="0.003"/>
  <testcase name="validaMultiplasSomasArqCSV(double, double, double)[1]" classname="com.everis.calculadorasimples.CalculadoraTest" time="0.053"/>
  <testcase name="validaMultiplasSomasArqCSV(double, double, double)[2]" classname="com.everis.calculadorasimples.CalculadoraTest" time="0.017"/>
  <testcase name="validaMultiplasSomasArqCSV(double, double, double)[3]" classname="com.everis.calculadorasimples.CalculadoraTest" time="0.002"/>
  <testcase name="divisaoPorZeroGeraExcecao" classname="com.everis.calculadorasimples.CalculadoraTest" time="0.003"/>
</testsuite>